Copyright 1986-2017 Xilinx, Inc. All Rights Reserved.
----------------------------------------------------------------------------------------
| Tool Version : Vivado v.2017.3 (win64) Build 2018833 Wed Oct  4 19:58:22 MDT 2017
| Date         : Sun Jul 18 22:05:41 2021
| Host         : DESKTOP-QJ470F8 running 64-bit major release  (build 9200)
| Command      : report_control_sets -verbose -file vga_example_control_sets_placed.rpt
| Design       : vga_example
| Device       : xc7a35t
----------------------------------------------------------------------------------------

Control Set Information

Table of Contents
-----------------
1. Summary
2. Flip-Flop Distribution
3. Detailed Control Set Information

1. Summary
----------

+----------------------------------------------------------+-------+
|                          Status                          | Count |
+----------------------------------------------------------+-------+
| Number of unique control sets                            |    34 |
| Unused register locations in slices containing registers |   112 |
+----------------------------------------------------------+-------+


2. Flip-Flop Distribution
-------------------------

+--------------+-----------------------+------------------------+-----------------+--------------+
| Clock Enable | Synchronous Set/Reset | Asynchronous Set/Reset | Total Registers | Total Slices |
+--------------+-----------------------+------------------------+-----------------+--------------+
| No           | No                    | No                     |             198 |           81 |
| No           | No                    | Yes                    |              28 |           13 |
| No           | Yes                   | No                     |             293 |           91 |
| Yes          | No                    | No                     |              95 |           32 |
| Yes          | No                    | Yes                    |               0 |            0 |
| Yes          | Yes                   | No                     |              58 |           18 |
+--------------+-----------------------+------------------------+-----------------+--------------+


3. Detailed Control Set Information
-----------------------------------

+-------------------------------------------------------+------------------------------------------------------------+------------------------------------------------------------+------------------+----------------+
|                      Clock Signal                     |                        Enable Signal                       |                      Set/Reset Signal                      | Slice Load Count | Bel Load Count |
+-------------------------------------------------------+------------------------------------------------------------+------------------------------------------------------------+------------------+----------------+
| ~my_clk_wiz_0/inst/clk65Mhz                           |                                                            | my_clk_wiz_0/inst/rst_out_reg                              |                1 |              1 |
|  my_clk_wiz_0/inst/clk100Mhz                          | my_MouseCtl/Inst_Ps2Interface/shift_frame                  | my_MouseCtl/Inst_Ps2Interface/reset_bit_count              |                2 |              4 |
|  my_clk_wiz_0/inst/clk100Mhz                          |                                                            | my_MouseCtl/Inst_Ps2Interface/clk_inter0                   |                1 |              4 |
|  my_clk_wiz_0/inst/clk100Mhz                          |                                                            | my_MouseCtl/Inst_Ps2Interface/data_inter0                  |                1 |              4 |
|  my_clk_wiz_0/inst/clk100Mhz                          |                                                            | my_MouseCtl/Inst_Ps2Interface/state[4]                     |                3 |              4 |
|  my_clk_wiz_0/inst/clk65Mhz                           |                                                            | my_draw_rect_ctl/ypos[9]_i_1_n_1                           |                3 |              5 |
|  my_clk_wiz_0/inst/clk100Mhz                          | my_MouseCtl/Inst_Ps2Interface/left_down_reg                |                                                            |                3 |              5 |
|  my_clk_wiz_0/inst/clk65Mhz                           |                                                            | my_draw_react/SR[1]                                        |                1 |              6 |
|  my_clk_wiz_0/inst/clk65Mhz                           |                                                            | my_draw_react/SR[0]                                        |                2 |              6 |
|  my_clk_wiz_0/inst/clk100Mhz                          | my_MouseCtl/Inst_Ps2Interface/delay_63clk_count[6]_i_2_n_1 | my_MouseCtl/Inst_Ps2Interface/delay_63clk_count[6]_i_1_n_1 |                2 |              7 |
|  my_clk_wiz_0/inst/clk100Mhz                          | my_MouseCtl/write_data                                     |                                                            |                3 |              8 |
|  my_clk_wiz_0/inst/clk100Mhz                          | my_MouseCtl/Inst_Ps2Interface/y_inc_reg[0]                 |                                                            |                3 |              8 |
|  my_clk_wiz_0/inst/clk100Mhz                          | my_MouseCtl/Inst_Ps2Interface/load_rx_data                 |                                                            |                2 |              8 |
|  my_clk_wiz_0/inst/clk100Mhz                          | my_MouseCtl/Inst_Ps2Interface/x_inc_reg[0]                 |                                                            |                2 |              8 |
|  my_clk_wiz_0/inst/clk65Mhz                           | my_draw_rect_ctl/ypos_zero[11]_i_2_n_1                     | my_draw_rect_ctl/ypos_zero[11]_i_1_n_1                     |                4 |              9 |
|  my_clk_wiz_0/inst/clk100Mhz                          | my_MouseCtl/Inst_Ps2Interface/frame[9]_i_1_n_1             |                                                            |                3 |             10 |
|  my_clk_wiz_0/inst/clk100Mhz                          | my_MouseCtl/Inst_Ps2Interface/delay_20us_count[10]_i_2_n_1 | my_MouseCtl/Inst_Ps2Interface/delay_20us_count[10]_i_1_n_1 |                3 |             11 |
|  my_clk_wiz_0/inst/clk65Mhz                           |                                                            | my_draw_rect_ctl/xpos[11]_i_1_n_1                          |                3 |             12 |
|  my_clk_wiz_0/inst/clk100Mhz                          | my_MouseCtl/x_new_reg_n_1                                  |                                                            |                3 |             12 |
|  my_clk_wiz_0/inst/clk100Mhz                          | my_MouseCtl/y_new_reg_n_1                                  |                                                            |                3 |             12 |
|  my_clk_wiz_0/inst/clk65Mhz                           |                                                            | my_draw_react/my_dff_image_2/SR[0]                         |                6 |             12 |
|  my_clk_wiz_0/inst/clk65Mhz                           |                                                            | my_MouseDisplay/red_out[3]_i_1_n_1                         |                4 |             12 |
|  my_clk_wiz_0/inst/clk65Mhz                           | my_draw_rect_ctl/ypos_tmp[11]_i_1_n_1                      |                                                            |                6 |             12 |
|  my_clk_wiz_0/inst/clk65Mhz                           | my_lock_reset/E[0]                                         |                                                            |                4 |             12 |
|  my_clk_wiz_0/inst/clk65Mhz                           | my_timing/vcount_nxt                                       | my_lock_reset/rst_out                                      |                3 |             13 |
|  my_clk_wiz_0/inst/clk100Mhz                          | my_MouseCtl/Inst_Ps2Interface/delay_100us_count[0]_i_2_n_1 | my_MouseCtl/Inst_Ps2Interface/delay_100us_count[0]_i_1_n_1 |                4 |             14 |
|  my_draw_rect_ctl/refresh_counter_nxt_reg[20]_i_2_n_1 |                                                            |                                                            |                7 |             21 |
|  my_clk_wiz_0/inst/clk100Mhz                          |                                                            | my_MouseCtl/reset_timeout_cnt_reg_n_1                      |                6 |             24 |
|  my_clk_wiz_0/inst/clk100Mhz                          |                                                            | my_MouseCtl/reset_periodic_check_cnt_reg_n_1               |                7 |             26 |
|  n_0_995_BUFG                                         |                                                            |                                                            |               14 |             41 |
|  my_clk_wiz_0/inst/clk65Mhz                           |                                                            | rst_IBUF                                                   |               22 |             52 |
|  my_clk_wiz_0/inst/clk100Mhz                          |                                                            |                                                            |               31 |             56 |
|  my_clk_wiz_0/inst/clk65Mhz                           |                                                            |                                                            |               30 |             82 |
|  my_clk_wiz_0/inst/clk65Mhz                           |                                                            | my_lock_reset/rst_out                                      |               44 |            153 |
+-------------------------------------------------------+------------------------------------------------------------+------------------------------------------------------------+------------------+----------------+


+--------+-----------------------+
| Fanout | Number of ControlSets |
+--------+-----------------------+
| 1      |                     1 |
| 4      |                     4 |
| 5      |                     2 |
| 6      |                     2 |
| 7      |                     1 |
| 8      |                     4 |
| 9      |                     1 |
| 10     |                     1 |
| 11     |                     1 |
| 12     |                     7 |
| 13     |                     1 |
| 14     |                     1 |
| 16+    |                     8 |
+--------+-----------------------+


